Replace Part B1 EG912YEUAA-N06-SNNSA in C:\Users\Lysenko\Documents\GitHub\Navi.PCB\Navi.VIP\IS12.01-01.603.01.SchDoc with EG912YEUAA-N06-SNNSA from IS12.01.603.IntLib
Replace Part B2 LD56100DPU33R in C:\Users\Lysenko\Documents\GitHub\Navi.PCB\Navi.VIP\IS12.01-01.603.01.SchDoc with LD56100DPU33R from IS12.01.603.IntLib
Replace Part B3 ZED-F9P-02B in C:\Users\Lysenko\Documents\GitHub\Navi.PCB\Navi.VIP\IS12.01-01.603.01.SchDoc with ZED-F9P-02B from IS12.01.603.IntLib
Replace Part B4 STM32WB55RCV6 in C:\Users\Lysenko\Documents\GitHub\Navi.PCB\Navi.VIP\IS12.01-01.603.01.SchDoc with STM32WB55RCV6 from IS12.01.603.IntLib
Replace Part BT1 CMP-19636-000019-1 in C:\Users\Lysenko\Documents\GitHub\Navi.PCB\Navi.VIP\IS12.01-01.603.01.SchDoc with CMP-19636-000019-1 from IS12.01.603.IntLib
Replace Part BT2 CMP-19636-000019-1 in C:\Users\Lysenko\Documents\GitHub\Navi.PCB\Navi.VIP\IS12.01-01.603.01.SchDoc with CMP-19636-000019-1 from IS12.01.603.IntLib
Replace Part BT3 CMP-19636-000019-1 in C:\Users\Lysenko\Documents\GitHub\Navi.PCB\Navi.VIP\IS12.01-01.603.01.SchDoc with CMP-19636-000019-1 from IS12.01.603.IntLib
Replace Part C1 C0603 in C:\Users\Lysenko\Documents\GitHub\Navi.PCB\Navi.VIP\IS12.01-01.603.01.SchDoc with C0603 from IS12.01.603.IntLib
Replace Part C2 C0603 in C:\Users\Lysenko\Documents\GitHub\Navi.PCB\Navi.VIP\IS12.01-01.603.01.SchDoc with C0603 from IS12.01.603.IntLib
Replace Part C4 C0603 in C:\Users\Lysenko\Documents\GitHub\Navi.PCB\Navi.VIP\IS12.01-01.603.01.SchDoc with C0603 from IS12.01.603.IntLib
Replace Part C5 C0603 in C:\Users\Lysenko\Documents\GitHub\Navi.PCB\Navi.VIP\IS12.01-01.603.01.SchDoc with C0603 from IS12.01.603.IntLib
Replace Part C7 C0603 in C:\Users\Lysenko\Documents\GitHub\Navi.PCB\Navi.VIP\IS12.01-01.603.01.SchDoc with C0603 from IS12.01.603.IntLib
Replace Part C8 C0603 in C:\Users\Lysenko\Documents\GitHub\Navi.PCB\Navi.VIP\IS12.01-01.603.01.SchDoc with C0603 from IS12.01.603.IntLib
Replace Part C9 C0603 in C:\Users\Lysenko\Documents\GitHub\Navi.PCB\Navi.VIP\IS12.01-01.603.01.SchDoc with C0603 from IS12.01.603.IntLib
Replace Part C10 C0603 in C:\Users\Lysenko\Documents\GitHub\Navi.PCB\Navi.VIP\IS12.01-01.603.01.SchDoc with C0603 from IS12.01.603.IntLib
Replace Part C11 C0603 in C:\Users\Lysenko\Documents\GitHub\Navi.PCB\Navi.VIP\IS12.01-01.603.01.SchDoc with C0603 from IS12.01.603.IntLib
Replace Part C13 C0603 in C:\Users\Lysenko\Documents\GitHub\Navi.PCB\Navi.VIP\IS12.01-01.603.01.SchDoc with C0603 from IS12.01.603.IntLib
Replace Part C15 C0603 in C:\Users\Lysenko\Documents\GitHub\Navi.PCB\Navi.VIP\IS12.01-01.603.01.SchDoc with C0603 from IS12.01.603.IntLib
Replace Part C16 C0603 in C:\Users\Lysenko\Documents\GitHub\Navi.PCB\Navi.VIP\IS12.01-01.603.01.SchDoc with C0603 from IS12.01.603.IntLib
Replace Part C17 C0603 in C:\Users\Lysenko\Documents\GitHub\Navi.PCB\Navi.VIP\IS12.01-01.603.01.SchDoc with C0603 from IS12.01.603.IntLib
Replace Part C18 C0603 in C:\Users\Lysenko\Documents\GitHub\Navi.PCB\Navi.VIP\IS12.01-01.603.01.SchDoc with C0603 from IS12.01.603.IntLib
Replace Part C19 C0603 in C:\Users\Lysenko\Documents\GitHub\Navi.PCB\Navi.VIP\IS12.01-01.603.01.SchDoc with C0603 from IS12.01.603.IntLib
Replace Part C20 C0603 in C:\Users\Lysenko\Documents\GitHub\Navi.PCB\Navi.VIP\IS12.01-01.603.01.SchDoc with C0603 from IS12.01.603.IntLib
Replace Part C22 C0603 in C:\Users\Lysenko\Documents\GitHub\Navi.PCB\Navi.VIP\IS12.01-01.603.01.SchDoc with C0603 from IS12.01.603.IntLib
Replace Part C23 C0603 in C:\Users\Lysenko\Documents\GitHub\Navi.PCB\Navi.VIP\IS12.01-01.603.01.SchDoc with C0603 from IS12.01.603.IntLib
Replace Part C24 C0603 in C:\Users\Lysenko\Documents\GitHub\Navi.PCB\Navi.VIP\IS12.01-01.603.01.SchDoc with C0603 from IS12.01.603.IntLib
Replace Part C26 C0603 in C:\Users\Lysenko\Documents\GitHub\Navi.PCB\Navi.VIP\IS12.01-01.603.01.SchDoc with C0603 from IS12.01.603.IntLib
Replace Part C27 C0603 in C:\Users\Lysenko\Documents\GitHub\Navi.PCB\Navi.VIP\IS12.01-01.603.01.SchDoc with C0603 from IS12.01.603.IntLib
Replace Part C28 C0603 in C:\Users\Lysenko\Documents\GitHub\Navi.PCB\Navi.VIP\IS12.01-01.603.01.SchDoc with C0603 from IS12.01.603.IntLib
Replace Part C29 C0603 in C:\Users\Lysenko\Documents\GitHub\Navi.PCB\Navi.VIP\IS12.01-01.603.01.SchDoc with C0603 from IS12.01.603.IntLib
Replace Part C30 C0603 in C:\Users\Lysenko\Documents\GitHub\Navi.PCB\Navi.VIP\IS12.01-01.603.01.SchDoc with C0603 from IS12.01.603.IntLib
Replace Part C31 C0603 in C:\Users\Lysenko\Documents\GitHub\Navi.PCB\Navi.VIP\IS12.01-01.603.01.SchDoc with C0603 from IS12.01.603.IntLib
Replace Part C32 C0603 in C:\Users\Lysenko\Documents\GitHub\Navi.PCB\Navi.VIP\IS12.01-01.603.01.SchDoc with C0603 from IS12.01.603.IntLib
Replace Part C33 C0603 in C:\Users\Lysenko\Documents\GitHub\Navi.PCB\Navi.VIP\IS12.01-01.603.01.SchDoc with C0603 from IS12.01.603.IntLib
Replace Part C34 C0603 in C:\Users\Lysenko\Documents\GitHub\Navi.PCB\Navi.VIP\IS12.01-01.603.01.SchDoc with C0603 from IS12.01.603.IntLib
Replace Part C35 C0603 in C:\Users\Lysenko\Documents\GitHub\Navi.PCB\Navi.VIP\IS12.01-01.603.01.SchDoc with C0603 from IS12.01.603.IntLib
Replace Part C36 C0603 in C:\Users\Lysenko\Documents\GitHub\Navi.PCB\Navi.VIP\IS12.01-01.603.01.SchDoc with C0603 from IS12.01.603.IntLib
Replace Part C37 C0603 in C:\Users\Lysenko\Documents\GitHub\Navi.PCB\Navi.VIP\IS12.01-01.603.01.SchDoc with C0603 from IS12.01.603.IntLib
Replace Part C38 C0603 in C:\Users\Lysenko\Documents\GitHub\Navi.PCB\Navi.VIP\IS12.01-01.603.01.SchDoc with C0603 from IS12.01.603.IntLib
Replace Part C39 C0603 in C:\Users\Lysenko\Documents\GitHub\Navi.PCB\Navi.VIP\IS12.01-01.603.01.SchDoc with C0603 from IS12.01.603.IntLib
Replace Part C40 C0603 in C:\Users\Lysenko\Documents\GitHub\Navi.PCB\Navi.VIP\IS12.01-01.603.01.SchDoc with C0603 from IS12.01.603.IntLib
Replace Part C41 C0603 in C:\Users\Lysenko\Documents\GitHub\Navi.PCB\Navi.VIP\IS12.01-01.603.01.SchDoc with C0603 from IS12.01.603.IntLib
Replace Part C42 C0603 in C:\Users\Lysenko\Documents\GitHub\Navi.PCB\Navi.VIP\IS12.01-01.603.01.SchDoc with C0603 from IS12.01.603.IntLib
Replace Part C43 C0603 in C:\Users\Lysenko\Documents\GitHub\Navi.PCB\Navi.VIP\IS12.01-01.603.01.SchDoc with C0603 from IS12.01.603.IntLib
Replace Part C44 C0603 in C:\Users\Lysenko\Documents\GitHub\Navi.PCB\Navi.VIP\IS12.01-01.603.01.SchDoc with C0603 from IS12.01.603.IntLib
Replace Part C45 C0603 in C:\Users\Lysenko\Documents\GitHub\Navi.PCB\Navi.VIP\IS12.01-01.603.01.SchDoc with C0603 from IS12.01.603.IntLib
Replace Part C46 C0603 in C:\Users\Lysenko\Documents\GitHub\Navi.PCB\Navi.VIP\IS12.01-01.603.01.SchDoc with C0603 from IS12.01.603.IntLib
Replace Part C47 C0603 in C:\Users\Lysenko\Documents\GitHub\Navi.PCB\Navi.VIP\IS12.01-01.603.01.SchDoc with C0603 from IS12.01.603.IntLib
Replace Part C48 C0603 in C:\Users\Lysenko\Documents\GitHub\Navi.PCB\Navi.VIP\IS12.01-01.603.01.SchDoc with C0603 from IS12.01.603.IntLib
Replace Part C49 C0603 in C:\Users\Lysenko\Documents\GitHub\Navi.PCB\Navi.VIP\IS12.01-01.603.01.SchDoc with C0603 from IS12.01.603.IntLib
Replace Part C50 C0603 in C:\Users\Lysenko\Documents\GitHub\Navi.PCB\Navi.VIP\IS12.01-01.603.01.SchDoc with C0603 from IS12.01.603.IntLib
Replace Part C51 C0603 in C:\Users\Lysenko\Documents\GitHub\Navi.PCB\Navi.VIP\IS12.01-01.603.01.SchDoc with C0603 from IS12.01.603.IntLib
Replace Part C52 C0603 in C:\Users\Lysenko\Documents\GitHub\Navi.PCB\Navi.VIP\IS12.01-01.603.01.SchDoc with C0603 from IS12.01.603.IntLib
Replace Part C53 C0603 in C:\Users\Lysenko\Documents\GitHub\Navi.PCB\Navi.VIP\IS12.01-01.603.01.SchDoc with C0603 from IS12.01.603.IntLib
Replace Part C54 C0603 in C:\Users\Lysenko\Documents\GitHub\Navi.PCB\Navi.VIP\IS12.01-01.603.01.SchDoc with C0603 from IS12.01.603.IntLib
Replace Part C55 C0603 in C:\Users\Lysenko\Documents\GitHub\Navi.PCB\Navi.VIP\IS12.01-01.603.01.SchDoc with C0603 from IS12.01.603.IntLib
Replace Part C56 C0603 in C:\Users\Lysenko\Documents\GitHub\Navi.PCB\Navi.VIP\IS12.01-01.603.01.SchDoc with C0603 from IS12.01.603.IntLib
Replace Part C57 C0603 in C:\Users\Lysenko\Documents\GitHub\Navi.PCB\Navi.VIP\IS12.01-01.603.01.SchDoc with C0603 from IS12.01.603.IntLib
Replace Part C58 C0603 in C:\Users\Lysenko\Documents\GitHub\Navi.PCB\Navi.VIP\IS12.01-01.603.01.SchDoc with C0603 from IS12.01.603.IntLib
Replace Part C59 C0603 in C:\Users\Lysenko\Documents\GitHub\Navi.PCB\Navi.VIP\IS12.01-01.603.01.SchDoc with C0603 from IS12.01.603.IntLib
Replace Part D1 CMP-22017-000008-1 in C:\Users\Lysenko\Documents\GitHub\Navi.PCB\Navi.VIP\IS12.01-01.603.01.SchDoc with CMP-22017-000008-1 from IS12.01.603.IntLib
Replace Part D4 CMP-22017-000008-1 in C:\Users\Lysenko\Documents\GitHub\Navi.PCB\Navi.VIP\IS12.01-01.603.01.SchDoc with CMP-22017-000008-1 from IS12.01.603.IntLib
Replace Part D6 CMP-05588-000001-1 in C:\Users\Lysenko\Documents\GitHub\Navi.PCB\Navi.VIP\IS12.01-01.603.01.SchDoc with CMP-05588-000001-1 from IS12.01.603.IntLib
Replace Part D7 CMP-22017-000008-1 in C:\Users\Lysenko\Documents\GitHub\Navi.PCB\Navi.VIP\IS12.01-01.603.01.SchDoc with CMP-22017-000008-1 from IS12.01.603.IntLib
Replace Part D8 CMP-22017-000008-1 in C:\Users\Lysenko\Documents\GitHub\Navi.PCB\Navi.VIP\IS12.01-01.603.01.SchDoc with CMP-22017-000008-1 from IS12.01.603.IntLib
Replace Part D9 CMP-22017-000008-1 in C:\Users\Lysenko\Documents\GitHub\Navi.PCB\Navi.VIP\IS12.01-01.603.01.SchDoc with CMP-22017-000008-1 from IS12.01.603.IntLib
Replace Part D11 PESD3V3L5UY,115 in C:\Users\Lysenko\Documents\GitHub\Navi.PCB\Navi.VIP\IS12.01-01.603.01.SchDoc with PESD3V3L5UY,115 from IS12.01.603.IntLib
Replace Part J2 PLS-5 in C:\Users\Lysenko\Documents\GitHub\Navi.PCB\Navi.VIP\IS12.01-01.603.01.SchDoc with PLS-5 from IS12.01.603.IntLib
Replace Part J3 PLS-2 in C:\Users\Lysenko\Documents\GitHub\Navi.PCB\Navi.VIP\IS12.01-01.603.01.SchDoc with PLS-2 from IS12.01.603.IntLib
Replace Part J4 CMP-2000-05415-1 in C:\Users\Lysenko\Documents\GitHub\Navi.PCB\Navi.VIP\IS12.01-01.603.01.SchDoc with CMP-2000-05415-1 from IS12.01.603.IntLib
Replace Part L1 CMP-14484-000415-1 in C:\Users\Lysenko\Documents\GitHub\Navi.PCB\Navi.VIP\IS12.01-01.603.01.SchDoc with CMP-14484-000415-1 from IS12.01.603.IntLib
Replace Part L2 CMP-14484-000911-1 in C:\Users\Lysenko\Documents\GitHub\Navi.PCB\Navi.VIP\IS12.01-01.603.01.SchDoc with CMP-14484-000911-1 from IS12.01.603.IntLib
Replace Part L3 CMP-14484-000911-1 in C:\Users\Lysenko\Documents\GitHub\Navi.PCB\Navi.VIP\IS12.01-01.603.01.SchDoc with CMP-14484-000911-1 from IS12.01.603.IntLib
Replace Part L4 CMP-14484-000911-1 in C:\Users\Lysenko\Documents\GitHub\Navi.PCB\Navi.VIP\IS12.01-01.603.01.SchDoc with CMP-14484-000911-1 from IS12.01.603.IntLib
Replace Part L5 CMP-14484-000911-1 in C:\Users\Lysenko\Documents\GitHub\Navi.PCB\Navi.VIP\IS12.01-01.603.01.SchDoc with CMP-14484-000911-1 from IS12.01.603.IntLib
Replace Part P1 PLS-3 in C:\Users\Lysenko\Documents\GitHub\Navi.PCB\Navi.VIP\IS12.01-01.603.01.SchDoc with PLS-3 from IS12.01.603.IntLib
Replace Part P2 PLS-2 in C:\Users\Lysenko\Documents\GitHub\Navi.PCB\Navi.VIP\IS12.01-01.603.01.SchDoc with PLS-2 from IS12.01.603.IntLib
Replace Part P4 PLS-12 in C:\Users\Lysenko\Documents\GitHub\Navi.PCB\Navi.VIP\IS12.01-01.603.01.SchDoc with PLS-12 from IS12.01.603.IntLib
Replace Part P5 PLS-2 in C:\Users\Lysenko\Documents\GitHub\Navi.PCB\Navi.VIP\IS12.01-01.603.01.SchDoc with PLS-2 from IS12.01.603.IntLib
Replace Part R1 R0603 in C:\Users\Lysenko\Documents\GitHub\Navi.PCB\Navi.VIP\IS12.01-01.603.01.SchDoc with R0603 from IS12.01.603.IntLib
Replace Part R2 R0603 in C:\Users\Lysenko\Documents\GitHub\Navi.PCB\Navi.VIP\IS12.01-01.603.01.SchDoc with R0603 from IS12.01.603.IntLib
Replace Part R3 R0603 in C:\Users\Lysenko\Documents\GitHub\Navi.PCB\Navi.VIP\IS12.01-01.603.01.SchDoc with R0603 from IS12.01.603.IntLib
Replace Part R4 R0603 in C:\Users\Lysenko\Documents\GitHub\Navi.PCB\Navi.VIP\IS12.01-01.603.01.SchDoc with R0603 from IS12.01.603.IntLib
Replace Part R5 R0603 in C:\Users\Lysenko\Documents\GitHub\Navi.PCB\Navi.VIP\IS12.01-01.603.01.SchDoc with R0603 from IS12.01.603.IntLib
Replace Part R6 R0603 in C:\Users\Lysenko\Documents\GitHub\Navi.PCB\Navi.VIP\IS12.01-01.603.01.SchDoc with R0603 from IS12.01.603.IntLib
Replace Part R7 R0603 in C:\Users\Lysenko\Documents\GitHub\Navi.PCB\Navi.VIP\IS12.01-01.603.01.SchDoc with R0603 from IS12.01.603.IntLib
Replace Part R8 R0603 in C:\Users\Lysenko\Documents\GitHub\Navi.PCB\Navi.VIP\IS12.01-01.603.01.SchDoc with R0603 from IS12.01.603.IntLib
Replace Part R9 R0603 in C:\Users\Lysenko\Documents\GitHub\Navi.PCB\Navi.VIP\IS12.01-01.603.01.SchDoc with R0603 from IS12.01.603.IntLib
Replace Part R10 R0603 in C:\Users\Lysenko\Documents\GitHub\Navi.PCB\Navi.VIP\IS12.01-01.603.01.SchDoc with R0603 from IS12.01.603.IntLib
Replace Part R11 R0603 in C:\Users\Lysenko\Documents\GitHub\Navi.PCB\Navi.VIP\IS12.01-01.603.01.SchDoc with R0603 from IS12.01.603.IntLib
Replace Part R12 R0603 in C:\Users\Lysenko\Documents\GitHub\Navi.PCB\Navi.VIP\IS12.01-01.603.01.SchDoc with R0603 from IS12.01.603.IntLib
Replace Part R13 R0603 in C:\Users\Lysenko\Documents\GitHub\Navi.PCB\Navi.VIP\IS12.01-01.603.01.SchDoc with R0603 from IS12.01.603.IntLib
Replace Part R14 R0603 in C:\Users\Lysenko\Documents\GitHub\Navi.PCB\Navi.VIP\IS12.01-01.603.01.SchDoc with R0603 from IS12.01.603.IntLib
Replace Part R15 R0603 in C:\Users\Lysenko\Documents\GitHub\Navi.PCB\Navi.VIP\IS12.01-01.603.01.SchDoc with R0603 from IS12.01.603.IntLib
Replace Part R16 R0603 in C:\Users\Lysenko\Documents\GitHub\Navi.PCB\Navi.VIP\IS12.01-01.603.01.SchDoc with R0603 from IS12.01.603.IntLib
Replace Part R17 R0603 in C:\Users\Lysenko\Documents\GitHub\Navi.PCB\Navi.VIP\IS12.01-01.603.01.SchDoc with R0603 from IS12.01.603.IntLib
Replace Part R18 R0603 in C:\Users\Lysenko\Documents\GitHub\Navi.PCB\Navi.VIP\IS12.01-01.603.01.SchDoc with R0603 from IS12.01.603.IntLib
Replace Part R19 R0603 in C:\Users\Lysenko\Documents\GitHub\Navi.PCB\Navi.VIP\IS12.01-01.603.01.SchDoc with R0603 from IS12.01.603.IntLib
Replace Part R20 R0603 in C:\Users\Lysenko\Documents\GitHub\Navi.PCB\Navi.VIP\IS12.01-01.603.01.SchDoc with R0603 from IS12.01.603.IntLib
Replace Part R21 R0603 in C:\Users\Lysenko\Documents\GitHub\Navi.PCB\Navi.VIP\IS12.01-01.603.01.SchDoc with R0603 from IS12.01.603.IntLib
Replace Part R22 R0603 in C:\Users\Lysenko\Documents\GitHub\Navi.PCB\Navi.VIP\IS12.01-01.603.01.SchDoc with R0603 from IS12.01.603.IntLib
Replace Part R23 R0603 in C:\Users\Lysenko\Documents\GitHub\Navi.PCB\Navi.VIP\IS12.01-01.603.01.SchDoc with R0603 from IS12.01.603.IntLib
Replace Part R24 R0603 in C:\Users\Lysenko\Documents\GitHub\Navi.PCB\Navi.VIP\IS12.01-01.603.01.SchDoc with R0603 from IS12.01.603.IntLib
Replace Part R25 R0603 in C:\Users\Lysenko\Documents\GitHub\Navi.PCB\Navi.VIP\IS12.01-01.603.01.SchDoc with R0603 from IS12.01.603.IntLib
Replace Part R26 R0603 in C:\Users\Lysenko\Documents\GitHub\Navi.PCB\Navi.VIP\IS12.01-01.603.01.SchDoc with R0603 from IS12.01.603.IntLib
Replace Part R27 R0603 in C:\Users\Lysenko\Documents\GitHub\Navi.PCB\Navi.VIP\IS12.01-01.603.01.SchDoc with R0603 from IS12.01.603.IntLib
Replace Part R28 R0603 in C:\Users\Lysenko\Documents\GitHub\Navi.PCB\Navi.VIP\IS12.01-01.603.01.SchDoc with R0603 from IS12.01.603.IntLib
Replace Part R29 R0603 in C:\Users\Lysenko\Documents\GitHub\Navi.PCB\Navi.VIP\IS12.01-01.603.01.SchDoc with R0603 from IS12.01.603.IntLib
Replace Part R30 R0603 in C:\Users\Lysenko\Documents\GitHub\Navi.PCB\Navi.VIP\IS12.01-01.603.01.SchDoc with R0603 from IS12.01.603.IntLib
Replace Part R31 R0603 in C:\Users\Lysenko\Documents\GitHub\Navi.PCB\Navi.VIP\IS12.01-01.603.01.SchDoc with R0603 from IS12.01.603.IntLib
Replace Part R32 R0603 in C:\Users\Lysenko\Documents\GitHub\Navi.PCB\Navi.VIP\IS12.01-01.603.01.SchDoc with R0603 from IS12.01.603.IntLib
Replace Part SW1 Button Switch_ RESET in C:\Users\Lysenko\Documents\GitHub\Navi.PCB\Navi.VIP\IS12.01-01.603.01.SchDoc with Button Switch_ RESET from IS12.01.603.IntLib
Replace Part SW2 Button Switch_ RESET in C:\Users\Lysenko\Documents\GitHub\Navi.PCB\Navi.VIP\IS12.01-01.603.01.SchDoc with Button Switch_ RESET from IS12.01.603.IntLib
Replace Part SW3 Button Switch_ RESET in C:\Users\Lysenko\Documents\GitHub\Navi.PCB\Navi.VIP\IS12.01-01.603.01.SchDoc with Button Switch_ RESET from IS12.01.603.IntLib
Replace Part T1 Test_point in C:\Users\Lysenko\Documents\GitHub\Navi.PCB\Navi.VIP\IS12.01-01.603.01.SchDoc with Test_point from IS12.01.603.IntLib
Replace Part T2 Test_point in C:\Users\Lysenko\Documents\GitHub\Navi.PCB\Navi.VIP\IS12.01-01.603.01.SchDoc with Test_point from IS12.01.603.IntLib
Replace Part T3 Test_point in C:\Users\Lysenko\Documents\GitHub\Navi.PCB\Navi.VIP\IS12.01-01.603.01.SchDoc with Test_point from IS12.01.603.IntLib
Replace Part T4 Test_point in C:\Users\Lysenko\Documents\GitHub\Navi.PCB\Navi.VIP\IS12.01-01.603.01.SchDoc with Test_point from IS12.01.603.IntLib
Replace Part T5 Test_point in C:\Users\Lysenko\Documents\GitHub\Navi.PCB\Navi.VIP\IS12.01-01.603.01.SchDoc with Test_point from IS12.01.603.IntLib
Replace Part T6 Test_point in C:\Users\Lysenko\Documents\GitHub\Navi.PCB\Navi.VIP\IS12.01-01.603.01.SchDoc with Test_point from IS12.01.603.IntLib
Replace Part U6 EG915NEUAC-N06-SNNSA in C:\Users\Lysenko\Documents\GitHub\Navi.PCB\Navi.VIP\IS12.01-01.603.01.SchDoc with EG915NEUAC-N06-SNNSA from IS12.01.603.IntLib
Replace Part U7 W25Q32BVSSIG in C:\Users\Lysenko\Documents\GitHub\Navi.PCB\Navi.VIP\IS12.01-01.603.01.SchDoc with W25Q32BVSSIG from IS12.01.603.IntLib
Replace Part U? USBLC6-2SC6 in C:\Users\Lysenko\Documents\GitHub\Navi.PCB\Navi.VIP\IS12.01-01.603.01.SchDoc with USBLC6-2SC6 from IS12.01.603.IntLib
