Change Physical Footprint: Designator=BT1 Old Footprint=FP-1042P-MFG New Footprint=FP-1042P-MFG
Change Physical Footprint: Designator=BT2 Old Footprint=FP-1042P-MFG New Footprint=FP-1042P-MFG
Change Physical Footprint: Designator=BT3 Old Footprint=FP-1042P-MFG New Footprint=FP-1042P-MFG
Change Physical Footprint: Designator=C1 Old Footprint=C-0603 New Footprint=C-0603
Change Physical Footprint: Designator=C2 Old Footprint=C-0603 New Footprint=C-0603
Change Physical Footprint: Designator=C3 Old Footprint=A-TANTAL-A New Footprint=A-TANTAL-A
Change Physical Footprint: Designator=C4 Old Footprint=C-0603 New Footprint=C-0603
Change Physical Footprint: Designator=C5 Old Footprint=C-0603 New Footprint=C-0603
Change Physical Footprint: Designator=C6 Old Footprint=A-TANTAL-A New Footprint=A-TANTAL-A
Change Physical Footprint: Designator=C7 Old Footprint=C-0603 New Footprint=C-0603
Change Physical Footprint: Designator=C8 Old Footprint=C-0603 New Footprint=C-0603
Change Physical Footprint: Designator=C9 Old Footprint=C-0603 New Footprint=C-0603
Change Physical Footprint: Designator=C10 Old Footprint=C-0603 New Footprint=C-0603
Change Physical Footprint: Designator=C11 Old Footprint=C-0603 New Footprint=C-0603
Change Physical Footprint: Designator=C12 Old Footprint=A-TANTAL-A New Footprint=A-TANTAL-A
Change Physical Footprint: Designator=C13 Old Footprint=C-0603 New Footprint=C-0603
Change Physical Footprint: Designator=C14 Old Footprint=A-TANTAL-A New Footprint=A-TANTAL-A
Change Physical Footprint: Designator=C15 Old Footprint=C-0603 New Footprint=C-0603
Change Physical Footprint: Designator=C16 Old Footprint=C-0603 New Footprint=C-0603
Change Physical Footprint: Designator=C17 Old Footprint=C-0603 New Footprint=C-0603
Change Physical Footprint: Designator=C18 Old Footprint=C-0603 New Footprint=C-0603
Change Physical Footprint: Designator=C19 Old Footprint=C-0603 New Footprint=C-0603
Change Physical Footprint: Designator=C20 Old Footprint=C-0603 New Footprint=C-0603
Change Physical Footprint: Designator=C21 Old Footprint=A-TANTAL-A New Footprint=A-TANTAL-A
Change Physical Footprint: Designator=C22 Old Footprint=C-0603 New Footprint=C-0603
Change Physical Footprint: Designator=C23 Old Footprint=C-0603 New Footprint=C-0603
Change Physical Footprint: Designator=C24 Old Footprint=C-0603 New Footprint=C-0603
Change Physical Footprint: Designator=C25 Old Footprint=A-TANTAL-A New Footprint=A-TANTAL-A
Change Physical Footprint: Designator=C26 Old Footprint=C-0603 New Footprint=C-0603
Change Physical Footprint: Designator=C27 Old Footprint=C-0603 New Footprint=C-0603
Change Physical Footprint: Designator=C28 Old Footprint=C-0603 New Footprint=C-0603
Change Physical Footprint: Designator=C29 Old Footprint=C-0603 New Footprint=C-0603
Change Physical Footprint: Designator=C30 Old Footprint=C-0603 New Footprint=C-0603
Change Physical Footprint: Designator=C31 Old Footprint=C-0603 New Footprint=C-0603
Change Physical Footprint: Designator=C32 Old Footprint=C-0603 New Footprint=C-0603
Change Physical Footprint: Designator=C33 Old Footprint=C-0603 New Footprint=C-0603
Change Physical Footprint: Designator=C34 Old Footprint=C-0603 New Footprint=C-0603
Change Physical Footprint: Designator=C35 Old Footprint=C-0603 New Footprint=C-0603
Change Physical Footprint: Designator=C36 Old Footprint=C-0603 New Footprint=C-0603
Change Physical Footprint: Designator=C37 Old Footprint=C-0603 New Footprint=C-0603
Change Physical Footprint: Designator=C38 Old Footprint=C-0603 New Footprint=C-0603
Change Physical Footprint: Designator=C39 Old Footprint=C-0603 New Footprint=C-0603
Change Physical Footprint: Designator=C40 Old Footprint=C-0603 New Footprint=C-0603
Change Physical Footprint: Designator=C41 Old Footprint=C-0603 New Footprint=C-0603
Change Physical Footprint: Designator=C42 Old Footprint=C-0603 New Footprint=C-0603
Change Physical Footprint: Designator=C43 Old Footprint=C-0603 New Footprint=C-0603
Change Physical Footprint: Designator=C44 Old Footprint=C-0603 New Footprint=C-0603
Change Physical Footprint: Designator=C45 Old Footprint=C-0603 New Footprint=C-0603
Change Physical Footprint: Designator=C46 Old Footprint=C-0603 New Footprint=C-0603
Change Physical Footprint: Designator=C47 Old Footprint=C-0603 New Footprint=C-0603
Change Physical Footprint: Designator=C48 Old Footprint=C-0603 New Footprint=C-0603
Change Physical Footprint: Designator=C49 Old Footprint=C-0603 New Footprint=C-0603
Change Physical Footprint: Designator=C50 Old Footprint=C-0603 New Footprint=C-0603
Change Physical Footprint: Designator=C51 Old Footprint=C-0603 New Footprint=C-0603
Change Physical Footprint: Designator=C52 Old Footprint=C-0603 New Footprint=C-0603
Change Physical Footprint: Designator=C53 Old Footprint=C-0603 New Footprint=C-0603
Change Physical Footprint: Designator=C54 Old Footprint=C-0603 New Footprint=C-0603
Change Physical Footprint: Designator=C55 Old Footprint=C-0603 New Footprint=C-0603
Change Physical Footprint: Designator=C56 Old Footprint=C-0603 New Footprint=C-0603
Change Physical Footprint: Designator=C57 Old Footprint=C-0603 New Footprint=C-0603
Change Physical Footprint: Designator=C58 Old Footprint=C-0603 New Footprint=C-0603
Change Physical Footprint: Designator=C59 Old Footprint=C-0603 New Footprint=C-0603
Change Physical Footprint: Designator=C60 Old Footprint=C-0603 New Footprint=C-0603
Change Physical Footprint: Designator=D2 Old Footprint=SOD-523 New Footprint=SOD-523
Change Physical Footprint: Designator=D3 Old Footprint=SOD-523 New Footprint=SOD-523
Change Physical Footprint: Designator=D5 Old Footprint=FP-Micro3-IPC_B New Footprint=FP-Micro3-IPC_B
Change Physical Footprint: Designator=D6 Old Footprint=FP-EZAEG1-MFG New Footprint=FP-EZAEG1-MFG
Change Physical Footprint: Designator=D10 Old Footprint=SOD-523 New Footprint=SOD-523
Change Physical Footprint: Designator=D11 Old Footprint=SOT95P280X145-6N New Footprint=SOT95P280X145-6N
Change Physical Footprint: Designator=L2 Old Footprint=FP-MLZ1608-IPC_A New Footprint=FP-MLZ1608-IPC_A
Change Physical Footprint: Designator=L4 Old Footprint=FP-MLZ1608-IPC_A New Footprint=FP-MLZ1608-IPC_A
Change Physical Footprint: Designator=L5 Old Footprint=FP-MLZ1608-IPC_A New Footprint=FP-MLZ1608-IPC_A
Change Physical Footprint: Designator=P1 Old Footprint=PLS-3 New Footprint=PLS-3
Change Physical Footprint: Designator=P2 Old Footprint=PLS-2 New Footprint=PLS-2
Change Physical Footprint: Designator=P3 Old Footprint=SMTC-TSW-103-08-L-D_V New Footprint=SMTC-TSW-103-08-L-D_V
Change Physical Footprint: Designator=P4 Old Footprint=PLS-12 New Footprint=PLS-12
Change Physical Footprint: Designator=P5 Old Footprint=FP-217179-0001-MFG New Footprint=FP-217179-0001-MFG
Change Physical Footprint: Designator=P6 Old Footprint=PLS-5 New Footprint=PLS-5
Change Physical Footprint: Designator=P7 Old Footprint=PLS-2 New Footprint=PLS-2
Change Physical Footprint: Designator=P8 Old Footprint=FP-142-0701-201-MFG New Footprint=FP-142-0701-201-MFG
Change Physical Footprint: Designator=P9 Old Footprint=693043020611 New Footprint=693043020611
Change Physical Footprint: Designator=P10 Old Footprint=PLS-2 New Footprint=PLS-2
Change Physical Footprint: Designator=Q1 Old Footprint=FP-Micro3-IPC_B New Footprint=FP-Micro3-IPC_B
Change Physical Footprint: Designator=Q2 Old Footprint=FP-Micro3-IPC_B New Footprint=FP-Micro3-IPC_B
Change Physical Footprint: Designator=R1 Old Footprint=R-0603 New Footprint=R-0603
Change Physical Footprint: Designator=R2 Old Footprint=R-0603 New Footprint=R-0603
Change Physical Footprint: Designator=R3 Old Footprint=R-0603 New Footprint=R-0603
Change Physical Footprint: Designator=R4 Old Footprint=R-0603 New Footprint=R-0603
Change Physical Footprint: Designator=R5 Old Footprint=R-0603 New Footprint=R-0603
Change Physical Footprint: Designator=R6 Old Footprint=R-0603 New Footprint=R-0603
Change Physical Footprint: Designator=R7 Old Footprint=R-0603 New Footprint=R-0603
Change Physical Footprint: Designator=R8 Old Footprint=R-0603 New Footprint=R-0603
Change Physical Footprint: Designator=R9 Old Footprint=R-0603 New Footprint=R-0603
Change Physical Footprint: Designator=R10 Old Footprint=R-0603 New Footprint=R-0603
Change Physical Footprint: Designator=R11 Old Footprint=R-0603 New Footprint=R-0603
Change Physical Footprint: Designator=R12 Old Footprint=R-0603 New Footprint=R-0603
Change Physical Footprint: Designator=R13 Old Footprint=R-0603 New Footprint=R-0603
Change Physical Footprint: Designator=R14 Old Footprint=R-0603 New Footprint=R-0603
Change Physical Footprint: Designator=R15 Old Footprint=R-0603 New Footprint=R-0603
Change Physical Footprint: Designator=R16 Old Footprint=R-0603 New Footprint=R-0603
Change Physical Footprint: Designator=R17 Old Footprint=R-0603 New Footprint=R-0603
Change Physical Footprint: Designator=R18 Old Footprint=R-0603 New Footprint=R-0603
Change Physical Footprint: Designator=R19 Old Footprint=R-0603 New Footprint=R-0603
Change Physical Footprint: Designator=R20 Old Footprint=R-0603 New Footprint=R-0603
Change Physical Footprint: Designator=R21 Old Footprint=R-0603 New Footprint=R-0603
Change Physical Footprint: Designator=R23 Old Footprint=R-0603 New Footprint=R-0603
Change Physical Footprint: Designator=R24 Old Footprint=R-0603 New Footprint=R-0603
Change Physical Footprint: Designator=R25 Old Footprint=R-0603 New Footprint=R-0603
Change Physical Footprint: Designator=R26 Old Footprint=R-0603 New Footprint=R-0603
Change Physical Footprint: Designator=R27 Old Footprint=R-0603 New Footprint=R-0603
Change Physical Footprint: Designator=R28 Old Footprint=R-0603 New Footprint=R-0603
Change Physical Footprint: Designator=R29 Old Footprint=R-0603 New Footprint=R-0603
Change Physical Footprint: Designator=R30 Old Footprint=R-0603 New Footprint=R-0603
Change Physical Footprint: Designator=R31 Old Footprint=R-0603 New Footprint=R-0603
Change Physical Footprint: Designator=R32 Old Footprint=R-0603 New Footprint=R-0603
Change Physical Footprint: Designator=SW1 Old Footprint=TECO-FSMSMTR_V New Footprint=TECO-FSMSMTR_V
Change Physical Footprint: Designator=SW2 Old Footprint=TECO-FSMSMTR_V New Footprint=TECO-FSMSMTR_V
Change Physical Footprint: Designator=SW3 Old Footprint=TECO-FSMSMTR_V New Footprint=TECO-FSMSMTR_V
Change Physical Footprint: Designator=T1 Old Footprint=test_point New Footprint=test_point
Change Physical Footprint: Designator=T2 Old Footprint=test_point New Footprint=test_point
Change Physical Footprint: Designator=T3 Old Footprint=test_point New Footprint=test_point
Change Physical Footprint: Designator=T4 Old Footprint=test_point New Footprint=test_point
Change Physical Footprint: Designator=T5 Old Footprint=test_point New Footprint=test_point
Change Physical Footprint: Designator=T6 Old Footprint=test_point New Footprint=test_point
Change Physical Footprint: Designator=U1 Old Footprint=SOT95P285X140-5N New Footprint=SOT95P285X140-5N
Change Physical Footprint: Designator=U2 Old Footprint=QFN50P400X400X80-25N New Footprint=QFN50P400X400X80-25N
Change Physical Footprint: Designator=U3 Old Footprint=SON50P300X300X100-11N New Footprint=SON50P300X300X100-11N
Change Physical Footprint: Designator=U5 Old Footprint=FP-SO-8-MFG New Footprint=FP-SO-8-MFG
Change Physical Footprint: Designator=U6 Old Footprint=XCVR_EG915NEUAC-N06-SNNSA New Footprint=XCVR_EG915NEUAC-N06-SNNSA
Change Physical Footprint: Designator=U7 Old Footprint=SOIC127P790X216-8N New Footprint=SOIC127P790X216-8N
Change Physical Footprint: Designator=U8 Old Footprint=LD56100DPU33R New Footprint=LD56100DPU33R
Change Physical Footprint: Designator=U9 Old Footprint=SOT95P280X145-6N New Footprint=SOT95P280X145-6N
Change Physical Footprint: Designator=U10 Old Footprint=ZEDF9P02B New Footprint=ZEDF9P02B
Change Physical Footprint: Designator=U11 Old Footprint=FIL_DEA162450BT-1288B1 New Footprint=FIL_DEA162450BT-1288B1
Change Physical Footprint: Designator=U12 Old Footprint=QFN40P800X800X100-69N-D New Footprint=QFN40P800X800X100-69N-D
Change Physical Footprint: Designator=Y1 Old Footprint=SMD-4 (4.5x3.2) New Footprint=SMD-4 (4.5x3.2)
Change Physical Footprint: Designator=Y2 Old Footprint=SMD-4 (4.5x3.2) New Footprint=SMD-4 (4.5x3.2)
