Replace Part BT1 CMP-19636-000019-1 in C:\Users\Lysenko\Documents\GitHub\Navi.PCB\Navi.VIP\IS12.01-01.603.01.SchDoc with CMP-19636-000019-1 from Prog_IS12_V2.IntLib
Replace Part BT2 CMP-19636-000019-1 in C:\Users\Lysenko\Documents\GitHub\Navi.PCB\Navi.VIP\IS12.01-01.603.01.SchDoc with CMP-19636-000019-1 from Prog_IS12_V2.IntLib
Replace Part BT3 CMP-19636-000019-1 in C:\Users\Lysenko\Documents\GitHub\Navi.PCB\Navi.VIP\IS12.01-01.603.01.SchDoc with CMP-19636-000019-1 from Prog_IS12_V2.IntLib
Replace Part C1 C0603 in C:\Users\Lysenko\Documents\GitHub\Navi.PCB\Navi.VIP\IS12.01-01.603.01.SchDoc with C0603 from Prog_IS12_V2.IntLib
Replace Part C2 CL10A475KO8NNNC in C:\Users\Lysenko\Documents\GitHub\Navi.PCB\Navi.VIP\IS12.01-01.603.01.SchDoc with CL10A475KO8NNNC from Prog_IS12_V2.IntLib
Replace Part C3 TAJD107M010RNJ in C:\Users\Lysenko\Documents\GitHub\Navi.PCB\Navi.VIP\IS12.01-01.603.01.SchDoc with TAJD107M010RNJ from Prog_IS12_V2.IntLib
Replace Part C4 C0603 in C:\Users\Lysenko\Documents\GitHub\Navi.PCB\Navi.VIP\IS12.01-01.603.01.SchDoc with C0603 from Prog_IS12_V2.IntLib
Replace Part C5 C0603 in C:\Users\Lysenko\Documents\GitHub\Navi.PCB\Navi.VIP\IS12.01-01.603.01.SchDoc with C0603 from Prog_IS12_V2.IntLib
Replace Part C6 TAJD107M010RNJ in C:\Users\Lysenko\Documents\GitHub\Navi.PCB\Navi.VIP\IS12.01-01.603.01.SchDoc with TAJD107M010RNJ from Prog_IS12_V2.IntLib
Replace Part C7 CL10A475KO8NNNC in C:\Users\Lysenko\Documents\GitHub\Navi.PCB\Navi.VIP\IS12.01-01.603.01.SchDoc with CL10A475KO8NNNC from Prog_IS12_V2.IntLib
Replace Part C8 C0603 in C:\Users\Lysenko\Documents\GitHub\Navi.PCB\Navi.VIP\IS12.01-01.603.01.SchDoc with C0603 from Prog_IS12_V2.IntLib
Replace Part C9 CL10A475KO8NNNC in C:\Users\Lysenko\Documents\GitHub\Navi.PCB\Navi.VIP\IS12.01-01.603.01.SchDoc with CL10A475KO8NNNC from Prog_IS12_V2.IntLib
Replace Part C10 CL10A475KO8NNNC in C:\Users\Lysenko\Documents\GitHub\Navi.PCB\Navi.VIP\IS12.01-01.603.01.SchDoc with CL10A475KO8NNNC from Prog_IS12_V2.IntLib
Replace Part C11 CL10A475KO8NNNC in C:\Users\Lysenko\Documents\GitHub\Navi.PCB\Navi.VIP\IS12.01-01.603.01.SchDoc with CL10A475KO8NNNC from Prog_IS12_V2.IntLib
Replace Part C12 TAJD107M010RNJ in C:\Users\Lysenko\Documents\GitHub\Navi.PCB\Navi.VIP\IS12.01-01.603.01.SchDoc with TAJD107M010RNJ from Prog_IS12_V2.IntLib
Replace Part C13 C0603 in C:\Users\Lysenko\Documents\GitHub\Navi.PCB\Navi.VIP\IS12.01-01.603.01.SchDoc with C0603 from Prog_IS12_V2.IntLib
Replace Part C14 TAJD107M010RNJ in C:\Users\Lysenko\Documents\GitHub\Navi.PCB\Navi.VIP\IS12.01-01.603.01.SchDoc with TAJD107M010RNJ from Prog_IS12_V2.IntLib
Replace Part C15 C0603 in C:\Users\Lysenko\Documents\GitHub\Navi.PCB\Navi.VIP\IS12.01-01.603.01.SchDoc with C0603 from Prog_IS12_V2.IntLib
Replace Part C16 C0603 in C:\Users\Lysenko\Documents\GitHub\Navi.PCB\Navi.VIP\IS12.01-01.603.01.SchDoc with C0603 from Prog_IS12_V2.IntLib
Replace Part C17 C0603 in C:\Users\Lysenko\Documents\GitHub\Navi.PCB\Navi.VIP\IS12.01-01.603.01.SchDoc with C0603 from Prog_IS12_V2.IntLib
Replace Part C18 C0603 in C:\Users\Lysenko\Documents\GitHub\Navi.PCB\Navi.VIP\IS12.01-01.603.01.SchDoc with C0603 from Prog_IS12_V2.IntLib
Replace Part C19 C0603 in C:\Users\Lysenko\Documents\GitHub\Navi.PCB\Navi.VIP\IS12.01-01.603.01.SchDoc with C0603 from Prog_IS12_V2.IntLib
Replace Part C20 C0603 in C:\Users\Lysenko\Documents\GitHub\Navi.PCB\Navi.VIP\IS12.01-01.603.01.SchDoc with C0603 from Prog_IS12_V2.IntLib
Replace Part C21 TAJD107M010RNJ in C:\Users\Lysenko\Documents\GitHub\Navi.PCB\Navi.VIP\IS12.01-01.603.01.SchDoc with TAJD107M010RNJ from Prog_IS12_V2.IntLib
Replace Part C22 C0603 in C:\Users\Lysenko\Documents\GitHub\Navi.PCB\Navi.VIP\IS12.01-01.603.01.SchDoc with C0603 from Prog_IS12_V2.IntLib
Replace Part C23 C0603 in C:\Users\Lysenko\Documents\GitHub\Navi.PCB\Navi.VIP\IS12.01-01.603.01.SchDoc with C0603 from Prog_IS12_V2.IntLib
Replace Part C24 C0603 in C:\Users\Lysenko\Documents\GitHub\Navi.PCB\Navi.VIP\IS12.01-01.603.01.SchDoc with C0603 from Prog_IS12_V2.IntLib
Replace Part C25 TAJD107M010RNJ in C:\Users\Lysenko\Documents\GitHub\Navi.PCB\Navi.VIP\IS12.01-01.603.01.SchDoc with TAJD107M010RNJ from Prog_IS12_V2.IntLib
Replace Part C26 CL10B103KB8NNNC_1 in C:\Users\Lysenko\Documents\GitHub\Navi.PCB\Navi.VIP\IS12.01-01.603.01.SchDoc with CL10B103KB8NNNC_1 from Prog_IS12_V2.IntLib
Replace Part C27 CL10B103KB8NNNC_1 in C:\Users\Lysenko\Documents\GitHub\Navi.PCB\Navi.VIP\IS12.01-01.603.01.SchDoc with CL10B103KB8NNNC_1 from Prog_IS12_V2.IntLib
Replace Part C28 CL10B103KB8NNNC_1 in C:\Users\Lysenko\Documents\GitHub\Navi.PCB\Navi.VIP\IS12.01-01.603.01.SchDoc with CL10B103KB8NNNC_1 from Prog_IS12_V2.IntLib
Replace Part C29 CL10B103KB8NNNC_1 in C:\Users\Lysenko\Documents\GitHub\Navi.PCB\Navi.VIP\IS12.01-01.603.01.SchDoc with CL10B103KB8NNNC_1 from Prog_IS12_V2.IntLib
Replace Part C30 C0603 in C:\Users\Lysenko\Documents\GitHub\Navi.PCB\Navi.VIP\IS12.01-01.603.01.SchDoc with C0603 from Prog_IS12_V2.IntLib
Replace Part C31 C0603C220J5GAC7867 in C:\Users\Lysenko\Documents\GitHub\Navi.PCB\Navi.VIP\IS12.01-01.603.01.SchDoc with C0603C220J5GAC7867 from Prog_IS12_V2.IntLib
Replace Part C32 C0603C220J5GAC7867 in C:\Users\Lysenko\Documents\GitHub\Navi.PCB\Navi.VIP\IS12.01-01.603.01.SchDoc with C0603C220J5GAC7867 from Prog_IS12_V2.IntLib
Replace Part C33 C0603C220J5GAC7867 in C:\Users\Lysenko\Documents\GitHub\Navi.PCB\Navi.VIP\IS12.01-01.603.01.SchDoc with C0603C220J5GAC7867 from Prog_IS12_V2.IntLib
Replace Part C34 C0603C220J5GAC7867 in C:\Users\Lysenko\Documents\GitHub\Navi.PCB\Navi.VIP\IS12.01-01.603.01.SchDoc with C0603C220J5GAC7867 from Prog_IS12_V2.IntLib
Replace Part C35 CL10A475KO8NNNC in C:\Users\Lysenko\Documents\GitHub\Navi.PCB\Navi.VIP\IS12.01-01.603.01.SchDoc with CL10A475KO8NNNC from Prog_IS12_V2.IntLib
Replace Part C36 C0603 in C:\Users\Lysenko\Documents\GitHub\Navi.PCB\Navi.VIP\IS12.01-01.603.01.SchDoc with C0603 from Prog_IS12_V2.IntLib
Replace Part C37 C0603 in C:\Users\Lysenko\Documents\GitHub\Navi.PCB\Navi.VIP\IS12.01-01.603.01.SchDoc with C0603 from Prog_IS12_V2.IntLib
Replace Part C38 C0603C220J5GAC7867 in C:\Users\Lysenko\Documents\GitHub\Navi.PCB\Navi.VIP\IS12.01-01.603.01.SchDoc with C0603C220J5GAC7867 from Prog_IS12_V2.IntLib
Replace Part C39 C0603C220J5GAC7867 in C:\Users\Lysenko\Documents\GitHub\Navi.PCB\Navi.VIP\IS12.01-01.603.01.SchDoc with C0603C220J5GAC7867 from Prog_IS12_V2.IntLib
Replace Part C40 C0603 in C:\Users\Lysenko\Documents\GitHub\Navi.PCB\Navi.VIP\IS12.01-01.603.01.SchDoc with C0603 from Prog_IS12_V2.IntLib
Replace Part C41 C0603 in C:\Users\Lysenko\Documents\GitHub\Navi.PCB\Navi.VIP\IS12.01-01.603.01.SchDoc with C0603 from Prog_IS12_V2.IntLib
Replace Part C42 C0603 in C:\Users\Lysenko\Documents\GitHub\Navi.PCB\Navi.VIP\IS12.01-01.603.01.SchDoc with C0603 from Prog_IS12_V2.IntLib
Replace Part C43 CL10A475KO8NNNC in C:\Users\Lysenko\Documents\GitHub\Navi.PCB\Navi.VIP\IS12.01-01.603.01.SchDoc with CL10A475KO8NNNC from Prog_IS12_V2.IntLib
Replace Part C44 C0603 in C:\Users\Lysenko\Documents\GitHub\Navi.PCB\Navi.VIP\IS12.01-01.603.01.SchDoc with C0603 from Prog_IS12_V2.IntLib
Replace Part C45 C0603 in C:\Users\Lysenko\Documents\GitHub\Navi.PCB\Navi.VIP\IS12.01-01.603.01.SchDoc with C0603 from Prog_IS12_V2.IntLib
Replace Part C46 CL10A475KO8NNNC in C:\Users\Lysenko\Documents\GitHub\Navi.PCB\Navi.VIP\IS12.01-01.603.01.SchDoc with CL10A475KO8NNNC from Prog_IS12_V2.IntLib
Replace Part C47 C0603 in C:\Users\Lysenko\Documents\GitHub\Navi.PCB\Navi.VIP\IS12.01-01.603.01.SchDoc with C0603 from Prog_IS12_V2.IntLib
Replace Part C48 C0603 in C:\Users\Lysenko\Documents\GitHub\Navi.PCB\Navi.VIP\IS12.01-01.603.01.SchDoc with C0603 from Prog_IS12_V2.IntLib
Replace Part C49 C0603 in C:\Users\Lysenko\Documents\GitHub\Navi.PCB\Navi.VIP\IS12.01-01.603.01.SchDoc with C0603 from Prog_IS12_V2.IntLib
Replace Part C50 C0603 in C:\Users\Lysenko\Documents\GitHub\Navi.PCB\Navi.VIP\IS12.01-01.603.01.SchDoc with C0603 from Prog_IS12_V2.IntLib
Replace Part C51 C0603C220J5GAC7867 in C:\Users\Lysenko\Documents\GitHub\Navi.PCB\Navi.VIP\IS12.01-01.603.01.SchDoc with C0603C220J5GAC7867 from Prog_IS12_V2.IntLib
Replace Part C52 C0603 in C:\Users\Lysenko\Documents\GitHub\Navi.PCB\Navi.VIP\IS12.01-01.603.01.SchDoc with C0603 from Prog_IS12_V2.IntLib
Replace Part C53 C0603C220J5GAC7867 in C:\Users\Lysenko\Documents\GitHub\Navi.PCB\Navi.VIP\IS12.01-01.603.01.SchDoc with C0603C220J5GAC7867 from Prog_IS12_V2.IntLib
Replace Part C54 C0603C220J5GAC7867 in C:\Users\Lysenko\Documents\GitHub\Navi.PCB\Navi.VIP\IS12.01-01.603.01.SchDoc with C0603C220J5GAC7867 from Prog_IS12_V2.IntLib
Replace Part C55 C0603C220J5GAC7867 in C:\Users\Lysenko\Documents\GitHub\Navi.PCB\Navi.VIP\IS12.01-01.603.01.SchDoc with C0603C220J5GAC7867 from Prog_IS12_V2.IntLib
Replace Part C56 C0603 in C:\Users\Lysenko\Documents\GitHub\Navi.PCB\Navi.VIP\IS12.01-01.603.01.SchDoc with C0603 from Prog_IS12_V2.IntLib
Replace Part C57 C0603C220J5GAC7867 in C:\Users\Lysenko\Documents\GitHub\Navi.PCB\Navi.VIP\IS12.01-01.603.01.SchDoc with C0603C220J5GAC7867 from Prog_IS12_V2.IntLib
Replace Part C58 C0603 in C:\Users\Lysenko\Documents\GitHub\Navi.PCB\Navi.VIP\IS12.01-01.603.01.SchDoc with C0603 from Prog_IS12_V2.IntLib
Replace Part C59 C0603 in C:\Users\Lysenko\Documents\GitHub\Navi.PCB\Navi.VIP\IS12.01-01.603.01.SchDoc with C0603 from Prog_IS12_V2.IntLib
Replace Part C60 C0603 in C:\Users\Lysenko\Documents\GitHub\Navi.PCB\Navi.VIP\IS12.01-01.603.01.SchDoc with C0603 from Prog_IS12_V2.IntLib
Replace Part D1 LTST-C190GKT in C:\Users\Lysenko\Documents\GitHub\Navi.PCB\Navi.VIP\IS12.01-01.603.01.SchDoc with LTST-C190GKT from Prog_IS12_V2.IntLib
Replace Part D2 BAT54KFILM in C:\Users\Lysenko\Documents\GitHub\Navi.PCB\Navi.VIP\IS12.01-01.603.01.SchDoc with BAT54KFILM from Prog_IS12_V2.IntLib
Replace Part D3 BAT54KFILM in C:\Users\Lysenko\Documents\GitHub\Navi.PCB\Navi.VIP\IS12.01-01.603.01.SchDoc with BAT54KFILM from Prog_IS12_V2.IntLib
Replace Part D4 LTST-C190GKT in C:\Users\Lysenko\Documents\GitHub\Navi.PCB\Navi.VIP\IS12.01-01.603.01.SchDoc with LTST-C190GKT from Prog_IS12_V2.IntLib
Replace Part D5 SZNUP2105LT1G in C:\Users\Lysenko\Documents\GitHub\Navi.PCB\Navi.VIP\IS12.01-01.603.01.SchDoc with SZNUP2105LT1G from Prog_IS12_V2.IntLib
Replace Part D6 EZA-EG1N50AC in C:\Users\Lysenko\Documents\GitHub\Navi.PCB\Navi.VIP\IS12.01-01.603.01.SchDoc with EZA-EG1N50AC from Prog_IS12_V2.IntLib
Replace Part D7 LTST-C190GKT in C:\Users\Lysenko\Documents\GitHub\Navi.PCB\Navi.VIP\IS12.01-01.603.01.SchDoc with LTST-C190GKT from Prog_IS12_V2.IntLib
Replace Part D8 LTST-C190GKT in C:\Users\Lysenko\Documents\GitHub\Navi.PCB\Navi.VIP\IS12.01-01.603.01.SchDoc with LTST-C190GKT from Prog_IS12_V2.IntLib
Replace Part D9 LTST-C190GKT in C:\Users\Lysenko\Documents\GitHub\Navi.PCB\Navi.VIP\IS12.01-01.603.01.SchDoc with LTST-C190GKT from Prog_IS12_V2.IntLib
Replace Part D10 BAT54KFILM in C:\Users\Lysenko\Documents\GitHub\Navi.PCB\Navi.VIP\IS12.01-01.603.01.SchDoc with BAT54KFILM from Prog_IS12_V2.IntLib
Replace Part D11 PESD3V3L5UY,115 in C:\Users\Lysenko\Documents\GitHub\Navi.PCB\Navi.VIP\IS12.01-01.603.01.SchDoc with PESD3V3L5UY,115 from Prog_IS12_V2.IntLib
Replace Part L2 MLZ1608M100WT000 in C:\Users\Lysenko\Documents\GitHub\Navi.PCB\Navi.VIP\IS12.01-01.603.01.SchDoc with MLZ1608M100WT000 from Prog_IS12_V2.IntLib
Replace Part L4 MLZ1608M100WT000 in C:\Users\Lysenko\Documents\GitHub\Navi.PCB\Navi.VIP\IS12.01-01.603.01.SchDoc with MLZ1608M100WT000 from Prog_IS12_V2.IntLib
Replace Part L5 MLZ1608M100WT000 in C:\Users\Lysenko\Documents\GitHub\Navi.PCB\Navi.VIP\IS12.01-01.603.01.SchDoc with MLZ1608M100WT000 from Prog_IS12_V2.IntLib
Replace Part P1 PLS-3 in C:\Users\Lysenko\Documents\GitHub\Navi.PCB\Navi.VIP\IS12.01-01.603.01.SchDoc with PLS-3 from Prog_IS12_V2.IntLib
Replace Part P2 PLS-2 in C:\Users\Lysenko\Documents\GitHub\Navi.PCB\Navi.VIP\IS12.01-01.603.01.SchDoc with PLS-2 from Prog_IS12_V2.IntLib
Replace Part P3 TSW-103-08-L-D in C:\Users\Lysenko\Documents\GitHub\Navi.PCB\Navi.VIP\IS12.01-01.603.01.SchDoc with TSW-103-08-L-D from Prog_IS12_V2.IntLib
Replace Part P4 PLS-12 in C:\Users\Lysenko\Documents\GitHub\Navi.PCB\Navi.VIP\IS12.01-01.603.01.SchDoc with PLS-12 from Prog_IS12_V2.IntLib
Replace Part P5 USB4105-GF-A in C:\Users\Lysenko\Documents\GitHub\Navi.PCB\Navi.VIP\IS12.01-01.603.01.SchDoc with USB4105-GF-A from Prog_IS12_V2.IntLib
Replace Part P6 PLS-5 in C:\Users\Lysenko\Documents\GitHub\Navi.PCB\Navi.VIP\IS12.01-01.603.01.SchDoc with PLS-5 from Prog_IS12_V2.IntLib
Replace Part P7 PLS-2 in C:\Users\Lysenko\Documents\GitHub\Navi.PCB\Navi.VIP\IS12.01-01.603.01.SchDoc with PLS-2 from Prog_IS12_V2.IntLib
Replace Part P8 142-0701-201 in C:\Users\Lysenko\Documents\GitHub\Navi.PCB\Navi.VIP\IS12.01-01.603.01.SchDoc with 142-0701-201 from Prog_IS12_V2.IntLib
Replace Part P9 693043020611 in C:\Users\Lysenko\Documents\GitHub\Navi.PCB\Navi.VIP\IS12.01-01.603.01.SchDoc with 693043020611 from Prog_IS12_V2.IntLib
Replace Part P10 PLS-2_1 in C:\Users\Lysenko\Documents\GitHub\Navi.PCB\Navi.VIP\IS12.01-01.603.01.SchDoc with PLS-2_1 from Prog_IS12_V2.IntLib
Replace Part Q1 2N7002 in C:\Users\Lysenko\Documents\GitHub\Navi.PCB\Navi.VIP\IS12.01-01.603.01.SchDoc with 2N7002 from Prog_IS12_V2.IntLib
Replace Part Q2 2N7002 in C:\Users\Lysenko\Documents\GitHub\Navi.PCB\Navi.VIP\IS12.01-01.603.01.SchDoc with 2N7002 from Prog_IS12_V2.IntLib
Replace Part R1 RMCF0603FT1K00 in C:\Users\Lysenko\Documents\GitHub\Navi.PCB\Navi.VIP\IS12.01-01.603.01.SchDoc with RMCF0603FT1K00 from Prog_IS12_V2.IntLib
Replace Part R2 RMCF0603FT261R in C:\Users\Lysenko\Documents\GitHub\Navi.PCB\Navi.VIP\IS12.01-01.603.01.SchDoc with RMCF0603FT261R from Prog_IS12_V2.IntLib
Replace Part R3 RMCF0603FT10K0 in C:\Users\Lysenko\Documents\GitHub\Navi.PCB\Navi.VIP\IS12.01-01.603.01.SchDoc with RMCF0603FT10K0 from Prog_IS12_V2.IntLib
Replace Part R4 RMCF0603FT100R in C:\Users\Lysenko\Documents\GitHub\Navi.PCB\Navi.VIP\IS12.01-01.603.01.SchDoc with RMCF0603FT100R from Prog_IS12_V2.IntLib
Replace Part R5 RMCF0603FT5K23 in C:\Users\Lysenko\Documents\GitHub\Navi.PCB\Navi.VIP\IS12.01-01.603.01.SchDoc with RMCF0603FT5K23 from Prog_IS12_V2.IntLib
Replace Part R6 RMCF0603FT10K0 in C:\Users\Lysenko\Documents\GitHub\Navi.PCB\Navi.VIP\IS12.01-01.603.01.SchDoc with RMCF0603FT10K0 from Prog_IS12_V2.IntLib
Replace Part R7 RMCF0603FG30K1 in C:\Users\Lysenko\Documents\GitHub\Navi.PCB\Navi.VIP\IS12.01-01.603.01.SchDoc with RMCF0603FG30K1 from Prog_IS12_V2.IntLib
Replace Part R8 RMCF0603FT100R in C:\Users\Lysenko\Documents\GitHub\Navi.PCB\Navi.VIP\IS12.01-01.603.01.SchDoc with RMCF0603FT100R from Prog_IS12_V2.IntLib
Replace Part R9 RMCF0603FT100K in C:\Users\Lysenko\Documents\GitHub\Navi.PCB\Navi.VIP\IS12.01-01.603.01.SchDoc with RMCF0603FT100K from Prog_IS12_V2.IntLib
Replace Part R10 RMCF0603FT100R in C:\Users\Lysenko\Documents\GitHub\Navi.PCB\Navi.VIP\IS12.01-01.603.01.SchDoc with RMCF0603FT100R from Prog_IS12_V2.IntLib
Replace Part R11 RMCF0603FT100R in C:\Users\Lysenko\Documents\GitHub\Navi.PCB\Navi.VIP\IS12.01-01.603.01.SchDoc with RMCF0603FT100R from Prog_IS12_V2.IntLib
Replace Part R12 RMCF0603FT100R in C:\Users\Lysenko\Documents\GitHub\Navi.PCB\Navi.VIP\IS12.01-01.603.01.SchDoc with RMCF0603FT100R from Prog_IS12_V2.IntLib
Replace Part R13 RMCF0603FT1K00 in C:\Users\Lysenko\Documents\GitHub\Navi.PCB\Navi.VIP\IS12.01-01.603.01.SchDoc with RMCF0603FT1K00 from Prog_IS12_V2.IntLib
Replace Part R14 RMCF0603FT100R in C:\Users\Lysenko\Documents\GitHub\Navi.PCB\Navi.VIP\IS12.01-01.603.01.SchDoc with RMCF0603FT100R from Prog_IS12_V2.IntLib
Replace Part R15 RMCF0603FT1K00 in C:\Users\Lysenko\Documents\GitHub\Navi.PCB\Navi.VIP\IS12.01-01.603.01.SchDoc with RMCF0603FT1K00 from Prog_IS12_V2.IntLib
Replace Part R16 RMCF0603FT1K00 in C:\Users\Lysenko\Documents\GitHub\Navi.PCB\Navi.VIP\IS12.01-01.603.01.SchDoc with RMCF0603FT1K00 from Prog_IS12_V2.IntLib
Replace Part R17 RMCF0603FT47K0 in C:\Users\Lysenko\Documents\GitHub\Navi.PCB\Navi.VIP\IS12.01-01.603.01.SchDoc with RMCF0603FT47K0 from Prog_IS12_V2.IntLib
Replace Part R18 RMCF0603FT47K0 in C:\Users\Lysenko\Documents\GitHub\Navi.PCB\Navi.VIP\IS12.01-01.603.01.SchDoc with RMCF0603FT47K0 from Prog_IS12_V2.IntLib
Replace Part R19 RMCF0603FT10K0 in C:\Users\Lysenko\Documents\GitHub\Navi.PCB\Navi.VIP\IS12.01-01.603.01.SchDoc with RMCF0603FT10K0 from Prog_IS12_V2.IntLib
Replace Part R20 RMCF0603FT300R in C:\Users\Lysenko\Documents\GitHub\Navi.PCB\Navi.VIP\IS12.01-01.603.01.SchDoc with RMCF0603FT300R from Prog_IS12_V2.IntLib
Replace Part R21 RMCF0603FT10K0 in C:\Users\Lysenko\Documents\GitHub\Navi.PCB\Navi.VIP\IS12.01-01.603.01.SchDoc with RMCF0603FT10K0 from Prog_IS12_V2.IntLib
Replace Part R23 RMCF0603FT100K in C:\Users\Lysenko\Documents\GitHub\Navi.PCB\Navi.VIP\IS12.01-01.603.01.SchDoc with RMCF0603FT100K from Prog_IS12_V2.IntLib
Replace Part R24 RMCF0603FT4K70 in C:\Users\Lysenko\Documents\GitHub\Navi.PCB\Navi.VIP\IS12.01-01.603.01.SchDoc with RMCF0603FT4K70 from Prog_IS12_V2.IntLib
Replace Part R25 RMCF0603FT300R in C:\Users\Lysenko\Documents\GitHub\Navi.PCB\Navi.VIP\IS12.01-01.603.01.SchDoc with RMCF0603FT300R from Prog_IS12_V2.IntLib
Replace Part R26 RMCF0603FT100K in C:\Users\Lysenko\Documents\GitHub\Navi.PCB\Navi.VIP\IS12.01-01.603.01.SchDoc with RMCF0603FT100K from Prog_IS12_V2.IntLib
Replace Part R27 RMCF0603FT300R in C:\Users\Lysenko\Documents\GitHub\Navi.PCB\Navi.VIP\IS12.01-01.603.01.SchDoc with RMCF0603FT300R from Prog_IS12_V2.IntLib
Replace Part R28 RMCF0603FT10K0 in C:\Users\Lysenko\Documents\GitHub\Navi.PCB\Navi.VIP\IS12.01-01.603.01.SchDoc with RMCF0603FT10K0 from Prog_IS12_V2.IntLib
Replace Part R29 RMCF0603FT10K0 in C:\Users\Lysenko\Documents\GitHub\Navi.PCB\Navi.VIP\IS12.01-01.603.01.SchDoc with RMCF0603FT10K0 from Prog_IS12_V2.IntLib
Replace Part R30 RMCF0603FT10K0 in C:\Users\Lysenko\Documents\GitHub\Navi.PCB\Navi.VIP\IS12.01-01.603.01.SchDoc with RMCF0603FT10K0 from Prog_IS12_V2.IntLib
Replace Part R31 RMCF0603FT100R in C:\Users\Lysenko\Documents\GitHub\Navi.PCB\Navi.VIP\IS12.01-01.603.01.SchDoc with RMCF0603FT100R from Prog_IS12_V2.IntLib
Replace Part R32 RMCF0603FT10K0 in C:\Users\Lysenko\Documents\GitHub\Navi.PCB\Navi.VIP\IS12.01-01.603.01.SchDoc with RMCF0603FT10K0 from Prog_IS12_V2.IntLib
Replace Part SW1 FSMSM in C:\Users\Lysenko\Documents\GitHub\Navi.PCB\Navi.VIP\IS12.01-01.603.01.SchDoc with FSMSM from Prog_IS12_V2.IntLib
Replace Part SW2 FSMSM in C:\Users\Lysenko\Documents\GitHub\Navi.PCB\Navi.VIP\IS12.01-01.603.01.SchDoc with FSMSM from Prog_IS12_V2.IntLib
Replace Part SW3 FSMSM in C:\Users\Lysenko\Documents\GitHub\Navi.PCB\Navi.VIP\IS12.01-01.603.01.SchDoc with FSMSM from Prog_IS12_V2.IntLib
Replace Part T1 Test_point in C:\Users\Lysenko\Documents\GitHub\Navi.PCB\Navi.VIP\IS12.01-01.603.01.SchDoc with Test_point from Prog_IS12_V2.IntLib
Replace Part T2 Test_point in C:\Users\Lysenko\Documents\GitHub\Navi.PCB\Navi.VIP\IS12.01-01.603.01.SchDoc with Test_point from Prog_IS12_V2.IntLib
Replace Part T3 Test_point in C:\Users\Lysenko\Documents\GitHub\Navi.PCB\Navi.VIP\IS12.01-01.603.01.SchDoc with Test_point from Prog_IS12_V2.IntLib
Replace Part T4 Test_point in C:\Users\Lysenko\Documents\GitHub\Navi.PCB\Navi.VIP\IS12.01-01.603.01.SchDoc with Test_point from Prog_IS12_V2.IntLib
Replace Part T5 Test_point in C:\Users\Lysenko\Documents\GitHub\Navi.PCB\Navi.VIP\IS12.01-01.603.01.SchDoc with Test_point from Prog_IS12_V2.IntLib
Replace Part T6 Test_point in C:\Users\Lysenko\Documents\GitHub\Navi.PCB\Navi.VIP\IS12.01-01.603.01.SchDoc with Test_point from Prog_IS12_V2.IntLib
Replace Part U1 AP2112K-3.3TRG1 in C:\Users\Lysenko\Documents\GitHub\Navi.PCB\Navi.VIP\IS12.01-01.603.01.SchDoc with AP2112K-3.3TRG1 from Prog_IS12_V2.IntLib
Replace Part U2 BQ25895MRTWR in C:\Users\Lysenko\Documents\GitHub\Navi.PCB\Navi.VIP\IS12.01-01.603.01.SchDoc with BQ25895MRTWR from Prog_IS12_V2.IntLib
Replace Part U3 TS3USB221DRCR in C:\Users\Lysenko\Documents\GitHub\Navi.PCB\Navi.VIP\IS12.01-01.603.01.SchDoc with TS3USB221DRCR from Prog_IS12_V2.IntLib
Replace Part U5 SN65HVD3082EDR in C:\Users\Lysenko\Documents\GitHub\Navi.PCB\Navi.VIP\IS12.01-01.603.01.SchDoc with SN65HVD3082EDR from Prog_IS12_V2.IntLib
Replace Part U6 EG915NEUAC-N06-SNNSA in C:\Users\Lysenko\Documents\GitHub\Navi.PCB\Navi.VIP\IS12.01-01.603.01.SchDoc with EG915NEUAC-N06-SNNSA from Prog_IS12_V2.IntLib
Replace Part U7 W25Q32BVSSIG in C:\Users\Lysenko\Documents\GitHub\Navi.PCB\Navi.VIP\IS12.01-01.603.01.SchDoc with W25Q32BVSSIG from Prog_IS12_V2.IntLib
Replace Part U8 LD56100DPU33R in C:\Users\Lysenko\Documents\GitHub\Navi.PCB\Navi.VIP\IS12.01-01.603.01.SchDoc with LD56100DPU33R from Prog_IS12_V2.IntLib
Replace Part U9 USBLC6-2SC6 in C:\Users\Lysenko\Documents\GitHub\Navi.PCB\Navi.VIP\IS12.01-01.603.01.SchDoc with USBLC6-2SC6 from Prog_IS12_V2.IntLib
Replace Part U10 ZED-F9P-02B in C:\Users\Lysenko\Documents\GitHub\Navi.PCB\Navi.VIP\IS12.01-01.603.01.SchDoc with ZED-F9P-02B from Prog_IS12_V2.IntLib
Replace Part U11 DEA162450BT-1260B2 in C:\Users\Lysenko\Documents\GitHub\Navi.PCB\Navi.VIP\IS12.01-01.603.01.SchDoc with DEA162450BT-1260B2 from Prog_IS12_V2.IntLib
Replace Part U12 STM32WB55RCV6 in C:\Users\Lysenko\Documents\GitHub\Navi.PCB\Navi.VIP\IS12.01-01.603.01.SchDoc with STM32WB55RCV6 from Prog_IS12_V2.IntLib
Replace Part Y1 ECS-120-8-36-CKM-TR3 in C:\Users\Lysenko\Documents\GitHub\Navi.PCB\Navi.VIP\IS12.01-01.603.01.SchDoc with ECS-120-8-36-CKM-TR3 from Prog_IS12_V2.IntLib
Replace Part Y2 ECS-120-8-36-CKM-TR3 in C:\Users\Lysenko\Documents\GitHub\Navi.PCB\Navi.VIP\IS12.01-01.603.01.SchDoc with ECS-120-8-36-CKM-TR3 from Prog_IS12_V2.IntLib
